[-27329.900000000001, -41628, -64397.800000000003, 103266]
[-27329.900000000001, 22769.799999999999, -25530.099999999999, 64397.800000000003]
[-27329.900000000001, -2760.2199999999998, 13337.700000000001, 25530.099999999999]
[-40667.599999999999, -16097.9, 52205.400000000001, -13337.700000000001]
[-27329.900000000001, -22769.799999999999, 20009.599999999999, 41628]
[-27329.900000000001, 18858.099999999999, -21618.299999999999, 41628]
[-27329.900000000001, -2760.2199999999998, 21618.299999999999, 20009.599999999999]
[-27329.900000000001, -2760.2199999999998, 18858.099999999999, 22769.799999999999]
[-4560.1099999999997, 20009.599999999999, -3911.71, 22769.799999999999]
[-8471.8099999999995, 16097.9, 3911.71, 18858.099999999999]
[-24569.700000000001, 16097.9, 20009.599999999999, 2760.2199999999998]
[13031.9, 17592, -6054.2299999999996, 27329.900000000001]
[-4560.1099999999997, 29129.799999999999, -17592, 27329.900000000001]
[24569.700000000001, 40667.599999999999, -29129.799999999999, 27329.900000000001]
[4560.1099999999997, 20009.599999999999, -13031.9, 27329.900000000001]
[-8471.8099999999995, 33041.5, -13031.9, 27329.900000000001]
[24569.700000000001, -33041.5, 20009.599999999999, 27329.900000000001]
[24569.700000000001, -8471.8099999999995, -4560.1099999999997, 27329.900000000001]
[-27329.900000000001, -41628, -64397.800000000003, 103266]
[-27329.900000000001, 22769.799999999999, -25530.099999999999, 64397.800000000003]
[-1799.8800000000001, -2760.2199999999998, 13337.700000000001, 25530.099999999999]
[11537.799999999999, -16097.9, 52205.400000000001, -13337.700000000001]
[-40667.599999999999, -16097.9, 91073.100000000006, -52205.400000000001]
[-27329.900000000001, -22769.799999999999, 20009.599999999999, 41628]
[14298, 18858.099999999999, -21618.299999999999, 41628]
[-7320.3299999999999, -2760.2199999999998, 21618.299999999999, 20009.599999999999]
[-67349.199999999997, -42779.400000000001, 101657, -20009.599999999999]
[-4560.1099999999997, -2760.2199999999998, 18858.099999999999, 22769.799999999999]
[-4560.1099999999997, 20009.599999999999, -3911.71, 22769.799999999999]
[18209.700000000001, 42779.400000000001, -26681.5, 22769.799999999999]
[-4560.1099999999997, 16097.9, 3911.71, 18858.099999999999]
[-8471.8099999999995, 16097.9, 26681.5, -3911.71]
[-4560.1099999999997, 16097.9, 20009.599999999999, 2760.2199999999998]
[-24569.700000000001, 16097.9, 42779.400000000001, -20009.599999999999]
[-14298, -9737.9099999999999, 21275.700000000001, 27329.900000000001]
[13031.9, 17592, -6054.2299999999996, 27329.900000000001]
[6977.6899999999996, 11537.799999999999, 6054.2299999999996, 21275.700000000001]
[-35573.699999999997, -9737.9099999999999, 69881.399999999994, -21275.700000000001]
[-4560.1099999999997, 1799.8800000000001, 9737.9099999999999, 27329.900000000001]
[-4560.1099999999997, 29129.799999999999, -17592, 27329.900000000001]
[-4560.1099999999997, 11537.799999999999, 17592, 9737.9099999999999]
[-4560.1099999999997, 11537.799999999999, 29129.799999999999, -1799.8800000000001]
[-6359.9899999999998, 9737.9099999999999, 30929.700000000001, -1799.8800000000001]
[24569.700000000001, 40667.599999999999, -30929.700000000001, 29129.799999999999]
[-16097.9, 40667.599999999999, 9737.9099999999999, -11537.799999999999]
[4560.1099999999997, -7320.3299999999999, 14298, 27329.900000000001]
[4560.1099999999997, 20009.599999999999, -13031.9, 27329.900000000001]
[4560.1099999999997, 6977.6899999999996, 13031.9, 14298]
[-9737.9099999999999, 35573.699999999997, -1266.0999999999999, 14298]
[-8471.8099999999995, 33041.5, 1266.0999999999999, 13031.9]
[4560.1099999999997, 6977.6899999999996, 20009.599999999999, 7320.3299999999999]
[24569.700000000001, -33041.5, 67349.199999999997, -20009.599999999999]
[6359.9899999999998, 9737.9099999999999, 18209.700000000001, 4560.1099999999997]
[24569.700000000001, -8471.8099999999995, 18209.700000000001, 4560.1099999999997]
[16097.9, 8471.8099999999995, 9737.9099999999999, 4560.1099999999997]
[16097.9, 24569.700000000001, -6359.9899999999998, 4560.1099999999997]
